2016-12-23 00:15:17.725  INFO 505056 --- [restartedMain] com.example.DemoApplication              : Starting DemoApplication on PC201403220248 with PID 505056 (D:\workspace\spring\demo\target\classes started by Administrator in D:\workspace\spring\demo)
2016-12-23 00:15:17.726  INFO 505056 --- [restartedMain] com.example.DemoApplication              : The following profiles are active: test
2016-12-23 00:15:17.732  INFO 505056 --- [restartedMain] ationConfigEmbeddedWebApplicationContext : Refreshing org.springframework.boot.context.embedded.AnnotationConfigEmbeddedWebApplicationContext@3971bb27: startup date [Fri Dec 23 00:15:17 CST 2016]; root of context hierarchy
2016-12-23 00:15:19.153  INFO 505056 --- [restartedMain] trationDelegate$BeanPostProcessorChecker : Bean 'org.springframework.boot.autoconfigure.validation.ValidationAutoConfiguration' of type [class org.springframework.boot.autoconfigure.validation.ValidationAutoConfiguration] is not eligible for getting processed by all BeanPostProcessors (for example: not eligible for auto-proxying)
2016-12-23 00:15:19.165  INFO 505056 --- [restartedMain] trationDelegate$BeanPostProcessorChecker : Bean 'validator' of type [class org.springframework.validation.beanvalidation.LocalValidatorFactoryBean] is not eligible for getting processed by all BeanPostProcessors (for example: not eligible for auto-proxying)
2016-12-23 00:15:19.303  INFO 505056 --- [restartedMain] s.b.c.e.t.TomcatEmbeddedServletContainer : Tomcat initialized with port(s): 8080 (http)
2016-12-23 00:15:19.305  INFO 505056 --- [restartedMain] o.apache.catalina.core.StandardService   : Starting service Tomcat
2016-12-23 00:15:19.306  INFO 505056 --- [restartedMain] org.apache.catalina.core.StandardEngine  : Starting Servlet Engine: Apache Tomcat/8.5.6
2016-12-23 00:15:19.334  INFO 505056 --- [localhost-startStop-1] o.a.c.c.C.[Tomcat].[localhost].[/]       : Initializing Spring embedded WebApplicationContext
2016-12-23 00:15:19.335  INFO 505056 --- [localhost-startStop-1] o.s.web.context.ContextLoader            : Root WebApplicationContext: initialization completed in 1603 ms
2016-12-23 00:15:19.396  INFO 505056 --- [localhost-startStop-1] o.s.b.w.servlet.ServletRegistrationBean  : Mapping servlet: 'dispatcherServlet' to [/]
2016-12-23 00:15:19.397  INFO 505056 --- [localhost-startStop-1] o.s.b.w.servlet.FilterRegistrationBean   : Mapping filter: 'characterEncodingFilter' to: [/*]
2016-12-23 00:15:19.397  INFO 505056 --- [localhost-startStop-1] o.s.b.w.servlet.FilterRegistrationBean   : Mapping filter: 'hiddenHttpMethodFilter' to: [/*]
2016-12-23 00:15:19.398  INFO 505056 --- [localhost-startStop-1] o.s.b.w.servlet.FilterRegistrationBean   : Mapping filter: 'httpPutFormContentFilter' to: [/*]
2016-12-23 00:15:19.398  INFO 505056 --- [localhost-startStop-1] o.s.b.w.servlet.FilterRegistrationBean   : Mapping filter: 'requestContextFilter' to: [/*]
2016-12-23 00:15:19.543  INFO 505056 --- [restartedMain] s.w.s.m.m.a.RequestMappingHandlerAdapter : Looking for @ControllerAdvice: org.springframework.boot.context.embedded.AnnotationConfigEmbeddedWebApplicationContext@3971bb27: startup date [Fri Dec 23 00:15:17 CST 2016]; root of context hierarchy
2016-12-23 00:15:19.554  INFO 505056 --- [restartedMain] s.w.s.m.m.a.RequestMappingHandlerMapping : Mapped "{[/test]}" onto java.lang.String com.example.rest.ExampleRest.home()
2016-12-23 00:15:19.556  INFO 505056 --- [restartedMain] s.w.s.m.m.a.RequestMappingHandlerMapping : Mapped "{[/demo]}" onto public java.lang.String com.example.template.Example.demo(java.util.Map<java.lang.String, java.lang.Object>)
2016-12-23 00:15:19.557  INFO 505056 --- [restartedMain] s.w.s.m.m.a.RequestMappingHandlerMapping : Mapped "{[/helloHtml]}" onto public java.lang.String com.example.template.Example.helloHtml(java.util.Map<java.lang.String, java.lang.Object>)
2016-12-23 00:15:19.560  INFO 505056 --- [restartedMain] s.w.s.m.m.a.RequestMappingHandlerMapping : Mapped "{[/error]}" onto public org.springframework.http.ResponseEntity<java.util.Map<java.lang.String, java.lang.Object>> org.springframework.boot.autoconfigure.web.BasicErrorController.error(javax.servlet.http.HttpServletRequest)
2016-12-23 00:15:19.561  INFO 505056 --- [restartedMain] s.w.s.m.m.a.RequestMappingHandlerMapping : Mapped "{[/error],produces=[text/html]}" onto public org.springframework.web.servlet.ModelAndView org.springframework.boot.autoconfigure.web.BasicErrorController.errorHtml(javax.servlet.http.HttpServletRequest,javax.servlet.http.HttpServletResponse)
2016-12-23 00:15:19.572  INFO 505056 --- [restartedMain] o.s.w.s.handler.SimpleUrlHandlerMapping  : Mapped URL path [/webjars/**] onto handler of type [class org.springframework.web.servlet.resource.ResourceHttpRequestHandler]
2016-12-23 00:15:19.572  INFO 505056 --- [restartedMain] o.s.w.s.handler.SimpleUrlHandlerMapping  : Mapped URL path [/**] onto handler of type [class org.springframework.web.servlet.resource.ResourceHttpRequestHandler]
2016-12-23 00:15:19.594  INFO 505056 --- [restartedMain] o.s.w.s.handler.SimpleUrlHandlerMapping  : Mapped URL path [/**/favicon.ico] onto handler of type [class org.springframework.web.servlet.resource.ResourceHttpRequestHandler]
2016-12-23 00:15:19.671  INFO 505056 --- [restartedMain] o.s.b.d.a.OptionalLiveReloadServer       : LiveReload server is running on port 35729
2016-12-23 00:15:20.064  INFO 505056 --- [restartedMain] o.s.j.e.a.AnnotationMBeanExporter        : Registering beans for JMX exposure on startup
2016-12-23 00:15:20.081  INFO 505056 --- [restartedMain] s.b.c.e.t.TomcatEmbeddedServletContainer : Tomcat started on port(s): 8080 (http)
2016-12-23 00:15:20.085  INFO 505056 --- [restartedMain] com.example.DemoApplication              : Started DemoApplication in 2.508 seconds (JVM running for 159.254)
2016-12-23 00:21:02.541  INFO 505056 --- [Thread-14] ationConfigEmbeddedWebApplicationContext : Closing org.springframework.boot.context.embedded.AnnotationConfigEmbeddedWebApplicationContext@3971bb27: startup date [Fri Dec 23 00:15:17 CST 2016]; root of context hierarchy
2016-12-23 00:21:02.546  INFO 505056 --- [Thread-14] o.s.j.e.a.AnnotationMBeanExporter        : Unregistering JMX-exposed beans on shutdown
2016-12-23 00:27:38.177  INFO 528032 --- [restartedMain] com.example.DemoApplication              : Starting DemoApplication on PC201403220248 with PID 528032 (D:\workspace\spring\demo\target\classes started by Administrator in D:\workspace\spring\demo)
2016-12-23 00:27:38.217  INFO 528032 --- [restartedMain] com.example.DemoApplication              : The following profiles are active: test
2016-12-23 00:27:39.083  INFO 528032 --- [restartedMain] ationConfigEmbeddedWebApplicationContext : Refreshing org.springframework.boot.context.embedded.AnnotationConfigEmbeddedWebApplicationContext@8226a4: startup date [Fri Dec 23 00:27:39 CST 2016]; root of context hierarchy
2016-12-23 00:27:41.252  INFO 528032 --- [restartedMain] trationDelegate$BeanPostProcessorChecker : Bean 'org.springframework.boot.autoconfigure.validation.ValidationAutoConfiguration' of type [class org.springframework.boot.autoconfigure.validation.ValidationAutoConfiguration] is not eligible for getting processed by all BeanPostProcessors (for example: not eligible for auto-proxying)
2016-12-23 00:27:41.282  INFO 528032 --- [restartedMain] trationDelegate$BeanPostProcessorChecker : Bean 'validator' of type [class org.springframework.validation.beanvalidation.LocalValidatorFactoryBean] is not eligible for getting processed by all BeanPostProcessors (for example: not eligible for auto-proxying)
2016-12-23 00:27:41.907  INFO 528032 --- [restartedMain] s.b.c.e.t.TomcatEmbeddedServletContainer : Tomcat initialized with port(s): 8080 (http)
2016-12-23 00:27:41.924  INFO 528032 --- [restartedMain] o.apache.catalina.core.StandardService   : Starting service Tomcat
2016-12-23 00:27:41.926  INFO 528032 --- [restartedMain] org.apache.catalina.core.StandardEngine  : Starting Servlet Engine: Apache Tomcat/8.5.6
2016-12-23 00:27:42.113  INFO 528032 --- [localhost-startStop-1] o.a.c.c.C.[Tomcat].[localhost].[/]       : Initializing Spring embedded WebApplicationContext
2016-12-23 00:27:42.114  INFO 528032 --- [localhost-startStop-1] o.s.web.context.ContextLoader            : Root WebApplicationContext: initialization completed in 3037 ms
2016-12-23 00:27:42.401  INFO 528032 --- [localhost-startStop-1] o.s.b.w.servlet.ServletRegistrationBean  : Mapping servlet: 'dispatcherServlet' to [/]
2016-12-23 00:27:42.406  INFO 528032 --- [localhost-startStop-1] o.s.b.w.servlet.FilterRegistrationBean   : Mapping filter: 'characterEncodingFilter' to: [/*]
2016-12-23 00:27:42.407  INFO 528032 --- [localhost-startStop-1] o.s.b.w.servlet.FilterRegistrationBean   : Mapping filter: 'hiddenHttpMethodFilter' to: [/*]
2016-12-23 00:27:42.408  INFO 528032 --- [localhost-startStop-1] o.s.b.w.servlet.FilterRegistrationBean   : Mapping filter: 'httpPutFormContentFilter' to: [/*]
2016-12-23 00:27:42.408  INFO 528032 --- [localhost-startStop-1] o.s.b.w.servlet.FilterRegistrationBean   : Mapping filter: 'requestContextFilter' to: [/*]
2016-12-23 00:27:42.919  INFO 528032 --- [restartedMain] s.w.s.m.m.a.RequestMappingHandlerAdapter : Looking for @ControllerAdvice: org.springframework.boot.context.embedded.AnnotationConfigEmbeddedWebApplicationContext@8226a4: startup date [Fri Dec 23 00:27:39 CST 2016]; root of context hierarchy
2016-12-23 00:27:43.013  INFO 528032 --- [restartedMain] s.w.s.m.m.a.RequestMappingHandlerMapping : Mapped "{[/test]}" onto java.lang.String com.example.rest.ExampleRest.home()
2016-12-23 00:27:43.015  INFO 528032 --- [restartedMain] s.w.s.m.m.a.RequestMappingHandlerMapping : Mapped "{[/demo]}" onto public java.lang.String com.example.template.Example.demo(java.util.Map<java.lang.String, java.lang.Object>)
2016-12-23 00:27:43.016  INFO 528032 --- [restartedMain] s.w.s.m.m.a.RequestMappingHandlerMapping : Mapped "{[/helloHtml]}" onto public java.lang.String com.example.template.Example.helloHtml(java.util.Map<java.lang.String, java.lang.Object>)
2016-12-23 00:27:43.019  INFO 528032 --- [restartedMain] s.w.s.m.m.a.RequestMappingHandlerMapping : Mapped "{[/error]}" onto public org.springframework.http.ResponseEntity<java.util.Map<java.lang.String, java.lang.Object>> org.springframework.boot.autoconfigure.web.BasicErrorController.error(javax.servlet.http.HttpServletRequest)
2016-12-23 00:27:43.020  INFO 528032 --- [restartedMain] s.w.s.m.m.a.RequestMappingHandlerMapping : Mapped "{[/error],produces=[text/html]}" onto public org.springframework.web.servlet.ModelAndView org.springframework.boot.autoconfigure.web.BasicErrorController.errorHtml(javax.servlet.http.HttpServletRequest,javax.servlet.http.HttpServletResponse)
2016-12-23 00:27:43.299  INFO 528032 --- [restartedMain] o.s.w.s.handler.SimpleUrlHandlerMapping  : Mapped URL path [/webjars/**] onto handler of type [class org.springframework.web.servlet.resource.ResourceHttpRequestHandler]
2016-12-23 00:27:43.300  INFO 528032 --- [restartedMain] o.s.w.s.handler.SimpleUrlHandlerMapping  : Mapped URL path [/**] onto handler of type [class org.springframework.web.servlet.resource.ResourceHttpRequestHandler]
2016-12-23 00:27:43.372  INFO 528032 --- [restartedMain] o.s.w.s.handler.SimpleUrlHandlerMapping  : Mapped URL path [/**/favicon.ico] onto handler of type [class org.springframework.web.servlet.resource.ResourceHttpRequestHandler]
2016-12-23 00:27:44.058  INFO 528032 --- [restartedMain] o.s.b.d.a.OptionalLiveReloadServer       : LiveReload server is running on port 35729
2016-12-23 00:27:44.134  INFO 528032 --- [restartedMain] o.s.j.e.a.AnnotationMBeanExporter        : Registering beans for JMX exposure on startup
2016-12-23 00:27:44.235  INFO 528032 --- [restartedMain] s.b.c.e.t.TomcatEmbeddedServletContainer : Tomcat started on port(s): 8080 (http)
2016-12-23 00:27:44.243  INFO 528032 --- [restartedMain] com.example.DemoApplication              : Started DemoApplication in 7.331 seconds (JVM running for 8.62)
2016-12-23 00:28:10.624  INFO 528032 --- [RMI TCP Connection(2)-192.168.10.1] inMXBeanRegistrar$SpringApplicationAdmin : Application shutdown requested.
2016-12-23 00:28:10.625  INFO 528032 --- [RMI TCP Connection(2)-192.168.10.1] ationConfigEmbeddedWebApplicationContext : Closing org.springframework.boot.context.embedded.AnnotationConfigEmbeddedWebApplicationContext@8226a4: startup date [Fri Dec 23 00:27:39 CST 2016]; root of context hierarchy
2016-12-23 00:28:10.631  INFO 528032 --- [RMI TCP Connection(2)-192.168.10.1] o.s.j.e.a.AnnotationMBeanExporter        : Unregistering JMX-exposed beans on shutdown
2016-12-23 00:33:49.276  INFO 540204 --- [restartedMain] com.example.DemoApplication              : Starting DemoApplication on PC201403220248 with PID 540204 (D:\workspace\spring\demo\target\classes started by Administrator in D:\workspace\spring\demo)
2016-12-23 00:33:49.282  INFO 540204 --- [restartedMain] com.example.DemoApplication              : The following profiles are active: test
2016-12-23 00:33:49.935  INFO 540204 --- [restartedMain] ationConfigEmbeddedWebApplicationContext : Refreshing org.springframework.boot.context.embedded.AnnotationConfigEmbeddedWebApplicationContext@17bed3b5: startup date [Fri Dec 23 00:33:49 CST 2016]; root of context hierarchy
2016-12-23 00:33:52.036  INFO 540204 --- [restartedMain] trationDelegate$BeanPostProcessorChecker : Bean 'org.springframework.boot.autoconfigure.validation.ValidationAutoConfiguration' of type [class org.springframework.boot.autoconfigure.validation.ValidationAutoConfiguration] is not eligible for getting processed by all BeanPostProcessors (for example: not eligible for auto-proxying)
2016-12-23 00:33:52.064  INFO 540204 --- [restartedMain] trationDelegate$BeanPostProcessorChecker : Bean 'validator' of type [class org.springframework.validation.beanvalidation.LocalValidatorFactoryBean] is not eligible for getting processed by all BeanPostProcessors (for example: not eligible for auto-proxying)
2016-12-23 00:33:52.628  INFO 540204 --- [restartedMain] s.b.c.e.t.TomcatEmbeddedServletContainer : Tomcat initialized with port(s): 8080 (http)
2016-12-23 00:33:52.642  INFO 540204 --- [restartedMain] o.apache.catalina.core.StandardService   : Starting service Tomcat
2016-12-23 00:33:52.644  INFO 540204 --- [restartedMain] org.apache.catalina.core.StandardEngine  : Starting Servlet Engine: Apache Tomcat/8.5.6
2016-12-23 00:33:52.806  INFO 540204 --- [localhost-startStop-1] o.a.c.c.C.[Tomcat].[localhost].[/]       : Initializing Spring embedded WebApplicationContext
2016-12-23 00:33:52.807  INFO 540204 --- [localhost-startStop-1] o.s.web.context.ContextLoader            : Root WebApplicationContext: initialization completed in 2877 ms
2016-12-23 00:33:53.024  INFO 540204 --- [localhost-startStop-1] o.s.b.w.servlet.ServletRegistrationBean  : Mapping servlet: 'dispatcherServlet' to [/]
2016-12-23 00:33:53.029  INFO 540204 --- [localhost-startStop-1] o.s.b.w.servlet.FilterRegistrationBean   : Mapping filter: 'characterEncodingFilter' to: [/*]
2016-12-23 00:33:53.030  INFO 540204 --- [localhost-startStop-1] o.s.b.w.servlet.FilterRegistrationBean   : Mapping filter: 'hiddenHttpMethodFilter' to: [/*]
2016-12-23 00:33:53.030  INFO 540204 --- [localhost-startStop-1] o.s.b.w.servlet.FilterRegistrationBean   : Mapping filter: 'httpPutFormContentFilter' to: [/*]
2016-12-23 00:33:53.030  INFO 540204 --- [localhost-startStop-1] o.s.b.w.servlet.FilterRegistrationBean   : Mapping filter: 'requestContextFilter' to: [/*]
2016-12-23 00:33:53.606  INFO 540204 --- [restartedMain] s.w.s.m.m.a.RequestMappingHandlerAdapter : Looking for @ControllerAdvice: org.springframework.boot.context.embedded.AnnotationConfigEmbeddedWebApplicationContext@17bed3b5: startup date [Fri Dec 23 00:33:49 CST 2016]; root of context hierarchy
2016-12-23 00:33:53.693  INFO 540204 --- [restartedMain] s.w.s.m.m.a.RequestMappingHandlerMapping : Mapped "{[/test]}" onto java.lang.String com.example.rest.ExampleRest.home()
2016-12-23 00:33:53.696  INFO 540204 --- [restartedMain] s.w.s.m.m.a.RequestMappingHandlerMapping : Mapped "{[/demo]}" onto public java.lang.String com.example.template.Example.demo(java.util.Map<java.lang.String, java.lang.Object>)
2016-12-23 00:33:53.696  INFO 540204 --- [restartedMain] s.w.s.m.m.a.RequestMappingHandlerMapping : Mapped "{[/helloHtml]}" onto public java.lang.String com.example.template.Example.helloHtml(java.util.Map<java.lang.String, java.lang.Object>)
2016-12-23 00:33:53.699  INFO 540204 --- [restartedMain] s.w.s.m.m.a.RequestMappingHandlerMapping : Mapped "{[/error]}" onto public org.springframework.http.ResponseEntity<java.util.Map<java.lang.String, java.lang.Object>> org.springframework.boot.autoconfigure.web.BasicErrorController.error(javax.servlet.http.HttpServletRequest)
2016-12-23 00:33:53.699  INFO 540204 --- [restartedMain] s.w.s.m.m.a.RequestMappingHandlerMapping : Mapped "{[/error],produces=[text/html]}" onto public org.springframework.web.servlet.ModelAndView org.springframework.boot.autoconfigure.web.BasicErrorController.errorHtml(javax.servlet.http.HttpServletRequest,javax.servlet.http.HttpServletResponse)
2016-12-23 00:33:53.767  INFO 540204 --- [restartedMain] o.s.w.s.handler.SimpleUrlHandlerMapping  : Mapped URL path [/webjars/**] onto handler of type [class org.springframework.web.servlet.resource.ResourceHttpRequestHandler]
2016-12-23 00:33:53.768  INFO 540204 --- [restartedMain] o.s.w.s.handler.SimpleUrlHandlerMapping  : Mapped URL path [/**] onto handler of type [class org.springframework.web.servlet.resource.ResourceHttpRequestHandler]
2016-12-23 00:33:53.830  INFO 540204 --- [restartedMain] o.s.w.s.handler.SimpleUrlHandlerMapping  : Mapped URL path [/**/favicon.ico] onto handler of type [class org.springframework.web.servlet.resource.ResourceHttpRequestHandler]
2016-12-23 00:33:54.435  INFO 540204 --- [restartedMain] o.s.b.d.a.OptionalLiveReloadServer       : LiveReload server is running on port 35729
2016-12-23 00:33:54.520  INFO 540204 --- [restartedMain] o.s.j.e.a.AnnotationMBeanExporter        : Registering beans for JMX exposure on startup
2016-12-23 00:33:54.603  INFO 540204 --- [restartedMain] s.b.c.e.t.TomcatEmbeddedServletContainer : Tomcat started on port(s): 8080 (http)
2016-12-23 00:33:54.611  INFO 540204 --- [restartedMain] com.example.DemoApplication              : Started DemoApplication in 6.766 seconds (JVM running for 8.327)
2016-12-23 00:36:32.786  INFO 540204 --- [Thread-5] ationConfigEmbeddedWebApplicationContext : Closing org.springframework.boot.context.embedded.AnnotationConfigEmbeddedWebApplicationContext@17bed3b5: startup date [Fri Dec 23 00:33:49 CST 2016]; root of context hierarchy
2016-12-23 00:36:32.798  INFO 540204 --- [Thread-5] o.s.j.e.a.AnnotationMBeanExporter        : Unregistering JMX-exposed beans on shutdown
2016-12-23 00:36:34.818  INFO 540204 --- [restartedMain] com.example.DemoApplication              : Starting DemoApplication on PC201403220248 with PID 540204 (D:\workspace\spring\demo\target\classes started by Administrator in D:\workspace\spring\demo)
2016-12-23 00:36:34.818  INFO 540204 --- [restartedMain] com.example.DemoApplication              : The following profiles are active: test
2016-12-23 00:36:34.823  INFO 540204 --- [restartedMain] ationConfigEmbeddedWebApplicationContext : Refreshing org.springframework.boot.context.embedded.AnnotationConfigEmbeddedWebApplicationContext@4930d663: startup date [Fri Dec 23 00:36:34 CST 2016]; root of context hierarchy
2016-12-23 00:36:36.302  INFO 540204 --- [restartedMain] trationDelegate$BeanPostProcessorChecker : Bean 'org.springframework.boot.autoconfigure.validation.ValidationAutoConfiguration' of type [class org.springframework.boot.autoconfigure.validation.ValidationAutoConfiguration] is not eligible for getting processed by all BeanPostProcessors (for example: not eligible for auto-proxying)
2016-12-23 00:36:36.357  INFO 540204 --- [restartedMain] trationDelegate$BeanPostProcessorChecker : Bean 'validator' of type [class org.springframework.validation.beanvalidation.LocalValidatorFactoryBean] is not eligible for getting processed by all BeanPostProcessors (for example: not eligible for auto-proxying)
2016-12-23 00:36:36.553  INFO 540204 --- [restartedMain] s.b.c.e.t.TomcatEmbeddedServletContainer : Tomcat initialized with port(s): 8080 (http)
2016-12-23 00:36:36.556  INFO 540204 --- [restartedMain] o.apache.catalina.core.StandardService   : Starting service Tomcat
2016-12-23 00:36:36.557  INFO 540204 --- [restartedMain] org.apache.catalina.core.StandardEngine  : Starting Servlet Engine: Apache Tomcat/8.5.6
2016-12-23 00:36:36.620  INFO 540204 --- [localhost-startStop-1] o.a.c.c.C.[Tomcat].[localhost].[/]       : Initializing Spring embedded WebApplicationContext
2016-12-23 00:36:36.621  INFO 540204 --- [localhost-startStop-1] o.s.web.context.ContextLoader            : Root WebApplicationContext: initialization completed in 1798 ms
2016-12-23 00:36:36.675  INFO 540204 --- [localhost-startStop-1] o.s.b.w.servlet.ServletRegistrationBean  : Mapping servlet: 'dispatcherServlet' to [/]
2016-12-23 00:36:36.677  INFO 540204 --- [localhost-startStop-1] o.s.b.w.servlet.FilterRegistrationBean   : Mapping filter: 'characterEncodingFilter' to: [/*]
2016-12-23 00:36:36.677  INFO 540204 --- [localhost-startStop-1] o.s.b.w.servlet.FilterRegistrationBean   : Mapping filter: 'hiddenHttpMethodFilter' to: [/*]
2016-12-23 00:36:36.678  INFO 540204 --- [localhost-startStop-1] o.s.b.w.servlet.FilterRegistrationBean   : Mapping filter: 'httpPutFormContentFilter' to: [/*]
2016-12-23 00:36:36.678  INFO 540204 --- [localhost-startStop-1] o.s.b.w.servlet.FilterRegistrationBean   : Mapping filter: 'requestContextFilter' to: [/*]
2016-12-23 00:36:36.710  WARN 540204 --- [restartedMain] ationConfigEmbeddedWebApplicationContext : Exception encountered during context initialization - cancelling refresh attempt: org.springframework.beans.factory.BeanCreationException: Error creating bean with name 'example' defined in file [D:\workspace\spring\demo\target\classes\com\example\template\Example.class]: Instantiation of bean failed; nested exception is org.springframework.beans.BeanInstantiationException: Failed to instantiate [com.example.template.Example]: Constructor threw exception; nested exception is java.lang.Error: Unresolved compilation problems: 
	Logger cannot be resolved to a type
	LoggerFactory cannot be resolved

2016-12-23 00:36:36.711  INFO 540204 --- [restartedMain] o.apache.catalina.core.StandardService   : Stopping service Tomcat
2016-12-23 00:36:36.870  INFO 540204 --- [restartedMain] utoConfigurationReportLoggingInitializer : 

Error starting ApplicationContext. To display the auto-configuration report re-run your application with 'debug' enabled.
2016-12-23 00:36:36.879 ERROR 540204 --- [restartedMain] o.s.boot.SpringApplication               : Application startup failed

org.springframework.beans.factory.BeanCreationException: Error creating bean with name 'example' defined in file [D:\workspace\spring\demo\target\classes\com\example\template\Example.class]: Instantiation of bean failed; nested exception is org.springframework.beans.BeanInstantiationException: Failed to instantiate [com.example.template.Example]: Constructor threw exception; nested exception is java.lang.Error: Unresolved compilation problems: 
	Logger cannot be resolved to a type
	LoggerFactory cannot be resolved

	at org.springframework.beans.factory.support.AbstractAutowireCapableBeanFactory.instantiateBean(AbstractAutowireCapableBeanFactory.java:1136)
	at org.springframework.beans.factory.support.AbstractAutowireCapableBeanFactory.createBeanInstance(AbstractAutowireCapableBeanFactory.java:1080)
	at org.springframework.beans.factory.support.AbstractAutowireCapableBeanFactory.doCreateBean(AbstractAutowireCapableBeanFactory.java:527)
	at org.springframework.beans.factory.support.AbstractAutowireCapableBeanFactory.createBean(AbstractAutowireCapableBeanFactory.java:484)
	at org.springframework.beans.factory.support.AbstractBeanFactory$1.getObject(AbstractBeanFactory.java:302)
	at org.springframework.beans.factory.support.DefaultSingletonBeanRegistry.getSingleton(DefaultSingletonBeanRegistry.java:230)
	at org.springframework.beans.factory.support.AbstractBeanFactory.doGetBean(AbstractBeanFactory.java:298)
	at org.springframework.beans.factory.support.AbstractBeanFactory.getBean(AbstractBeanFactory.java:193)
	at org.springframework.beans.factory.support.DefaultListableBeanFactory.preInstantiateSingletons(DefaultListableBeanFactory.java:749)
	at org.springframework.context.support.AbstractApplicationContext.finishBeanFactoryInitialization(AbstractApplicationContext.java:866)
	at org.springframework.context.support.AbstractApplicationContext.refresh(AbstractApplicationContext.java:542)
	at org.springframework.boot.context.embedded.EmbeddedWebApplicationContext.refresh(EmbeddedWebApplicationContext.java:122)
	at org.springframework.boot.SpringApplication.refresh(SpringApplication.java:736)
	at org.springframework.boot.SpringApplication.refreshContext(SpringApplication.java:369)
	at org.springframework.boot.SpringApplication.run(SpringApplication.java:313)
	at com.example.DemoApplication.main(DemoApplication.java:16)
	at sun.reflect.NativeMethodAccessorImpl.invoke0(Native Method)
	at sun.reflect.NativeMethodAccessorImpl.invoke(NativeMethodAccessorImpl.java:62)
	at sun.reflect.DelegatingMethodAccessorImpl.invoke(DelegatingMethodAccessorImpl.java:43)
	at java.lang.reflect.Method.invoke(Method.java:483)
	at org.springframework.boot.devtools.restart.RestartLauncher.run(RestartLauncher.java:49)
Caused by: org.springframework.beans.BeanInstantiationException: Failed to instantiate [com.example.template.Example]: Constructor threw exception; nested exception is java.lang.Error: Unresolved compilation problems: 
	Logger cannot be resolved to a type
	LoggerFactory cannot be resolved

	at org.springframework.beans.BeanUtils.instantiateClass(BeanUtils.java:157)
	at org.springframework.beans.factory.support.SimpleInstantiationStrategy.instantiate(SimpleInstantiationStrategy.java:89)
	at org.springframework.beans.factory.support.AbstractAutowireCapableBeanFactory.instantiateBean(AbstractAutowireCapableBeanFactory.java:1128)
	... 20 common frames omitted
Caused by: java.lang.Error: Unresolved compilation problems: 
	Logger cannot be resolved to a type
	LoggerFactory cannot be resolved

	at com.example.template.Example.<init>(Example.java:28)
	at sun.reflect.NativeConstructorAccessorImpl.newInstance0(Native Method)
	at sun.reflect.NativeConstructorAccessorImpl.newInstance(NativeConstructorAccessorImpl.java:62)
	at sun.reflect.DelegatingConstructorAccessorImpl.newInstance(DelegatingConstructorAccessorImpl.java:45)
	at java.lang.reflect.Constructor.newInstance(Constructor.java:408)
	at org.springframework.beans.BeanUtils.instantiateClass(BeanUtils.java:145)
	... 22 common frames omitted

2016-12-23 00:37:07.166  INFO 540204 --- [restartedMain] com.example.DemoApplication              : Starting DemoApplication on PC201403220248 with PID 540204 (D:\workspace\spring\demo\target\classes started by Administrator in D:\workspace\spring\demo)
2016-12-23 00:37:07.166  INFO 540204 --- [restartedMain] com.example.DemoApplication              : The following profiles are active: test
2016-12-23 00:37:07.173  INFO 540204 --- [restartedMain] ationConfigEmbeddedWebApplicationContext : Refreshing org.springframework.boot.context.embedded.AnnotationConfigEmbeddedWebApplicationContext@1d1113d0: startup date [Fri Dec 23 00:37:07 CST 2016]; root of context hierarchy
2016-12-23 00:37:09.390  INFO 540204 --- [restartedMain] trationDelegate$BeanPostProcessorChecker : Bean 'org.springframework.boot.autoconfigure.validation.ValidationAutoConfiguration' of type [class org.springframework.boot.autoconfigure.validation.ValidationAutoConfiguration] is not eligible for getting processed by all BeanPostProcessors (for example: not eligible for auto-proxying)
2016-12-23 00:37:09.397  INFO 540204 --- [restartedMain] trationDelegate$BeanPostProcessorChecker : Bean 'validator' of type [class org.springframework.validation.beanvalidation.LocalValidatorFactoryBean] is not eligible for getting processed by all BeanPostProcessors (for example: not eligible for auto-proxying)
2016-12-23 00:37:09.756  INFO 540204 --- [restartedMain] s.b.c.e.t.TomcatEmbeddedServletContainer : Tomcat initialized with port(s): 8080 (http)
2016-12-23 00:37:09.758  INFO 540204 --- [restartedMain] o.apache.catalina.core.StandardService   : Starting service Tomcat
2016-12-23 00:37:09.758  INFO 540204 --- [restartedMain] org.apache.catalina.core.StandardEngine  : Starting Servlet Engine: Apache Tomcat/8.5.6
2016-12-23 00:37:09.820  INFO 540204 --- [localhost-startStop-1] o.a.c.c.C.[Tomcat].[localhost].[/]       : Initializing Spring embedded WebApplicationContext
2016-12-23 00:37:09.821  INFO 540204 --- [localhost-startStop-1] o.s.web.context.ContextLoader            : Root WebApplicationContext: initialization completed in 2649 ms
2016-12-23 00:37:09.865  INFO 540204 --- [localhost-startStop-1] o.s.b.w.servlet.ServletRegistrationBean  : Mapping servlet: 'dispatcherServlet' to [/]
2016-12-23 00:37:09.866  INFO 540204 --- [localhost-startStop-1] o.s.b.w.servlet.FilterRegistrationBean   : Mapping filter: 'characterEncodingFilter' to: [/*]
2016-12-23 00:37:09.866  INFO 540204 --- [localhost-startStop-1] o.s.b.w.servlet.FilterRegistrationBean   : Mapping filter: 'hiddenHttpMethodFilter' to: [/*]
2016-12-23 00:37:09.867  INFO 540204 --- [localhost-startStop-1] o.s.b.w.servlet.FilterRegistrationBean   : Mapping filter: 'httpPutFormContentFilter' to: [/*]
2016-12-23 00:37:09.867  INFO 540204 --- [localhost-startStop-1] o.s.b.w.servlet.FilterRegistrationBean   : Mapping filter: 'requestContextFilter' to: [/*]
2016-12-23 00:37:09.990  INFO 540204 --- [restartedMain] s.w.s.m.m.a.RequestMappingHandlerAdapter : Looking for @ControllerAdvice: org.springframework.boot.context.embedded.AnnotationConfigEmbeddedWebApplicationContext@1d1113d0: startup date [Fri Dec 23 00:37:07 CST 2016]; root of context hierarchy
2016-12-23 00:37:10.000  INFO 540204 --- [restartedMain] s.w.s.m.m.a.RequestMappingHandlerMapping : Mapped "{[/test]}" onto java.lang.String com.example.rest.ExampleRest.home()
2016-12-23 00:37:10.001  INFO 540204 --- [restartedMain] s.w.s.m.m.a.RequestMappingHandlerMapping : Mapped "{[/demo]}" onto public java.lang.String com.example.template.Example.demo(java.util.Map<java.lang.String, java.lang.Object>)
2016-12-23 00:37:10.001  INFO 540204 --- [restartedMain] s.w.s.m.m.a.RequestMappingHandlerMapping : Mapped "{[/helloHtml]}" onto public java.lang.String com.example.template.Example.helloHtml(java.util.Map<java.lang.String, java.lang.Object>)
2016-12-23 00:37:10.005  INFO 540204 --- [restartedMain] s.w.s.m.m.a.RequestMappingHandlerMapping : Mapped "{[/error]}" onto public org.springframework.http.ResponseEntity<java.util.Map<java.lang.String, java.lang.Object>> org.springframework.boot.autoconfigure.web.BasicErrorController.error(javax.servlet.http.HttpServletRequest)
2016-12-23 00:37:10.005  INFO 540204 --- [restartedMain] s.w.s.m.m.a.RequestMappingHandlerMapping : Mapped "{[/error],produces=[text/html]}" onto public org.springframework.web.servlet.ModelAndView org.springframework.boot.autoconfigure.web.BasicErrorController.errorHtml(javax.servlet.http.HttpServletRequest,javax.servlet.http.HttpServletResponse)
2016-12-23 00:37:10.022  INFO 540204 --- [restartedMain] o.s.w.s.handler.SimpleUrlHandlerMapping  : Mapped URL path [/webjars/**] onto handler of type [class org.springframework.web.servlet.resource.ResourceHttpRequestHandler]
2016-12-23 00:37:10.022  INFO 540204 --- [restartedMain] o.s.w.s.handler.SimpleUrlHandlerMapping  : Mapped URL path [/**] onto handler of type [class org.springframework.web.servlet.resource.ResourceHttpRequestHandler]
2016-12-23 00:37:10.041  INFO 540204 --- [restartedMain] o.s.w.s.handler.SimpleUrlHandlerMapping  : Mapped URL path [/**/favicon.ico] onto handler of type [class org.springframework.web.servlet.resource.ResourceHttpRequestHandler]
2016-12-23 00:37:10.118  INFO 540204 --- [restartedMain] o.s.b.d.a.OptionalLiveReloadServer       : LiveReload server is running on port 35729
2016-12-23 00:37:10.207  INFO 540204 --- [restartedMain] o.s.j.e.a.AnnotationMBeanExporter        : Registering beans for JMX exposure on startup
2016-12-23 00:37:10.224  INFO 540204 --- [restartedMain] s.b.c.e.t.TomcatEmbeddedServletContainer : Tomcat started on port(s): 8080 (http)
2016-12-23 00:37:10.226  INFO 540204 --- [restartedMain] com.example.DemoApplication              : Started DemoApplication in 3.332 seconds (JVM running for 203.937)
2016-12-23 00:37:26.031  INFO 540204 --- [Thread-9] ationConfigEmbeddedWebApplicationContext : Closing org.springframework.boot.context.embedded.AnnotationConfigEmbeddedWebApplicationContext@1d1113d0: startup date [Fri Dec 23 00:37:07 CST 2016]; root of context hierarchy
2016-12-23 00:37:26.034  INFO 540204 --- [Thread-9] o.s.j.e.a.AnnotationMBeanExporter        : Unregistering JMX-exposed beans on shutdown
2016-12-23 00:37:26.679  INFO 540204 --- [restartedMain] com.example.DemoApplication              : Starting DemoApplication on PC201403220248 with PID 540204 (D:\workspace\spring\demo\target\classes started by Administrator in D:\workspace\spring\demo)
2016-12-23 00:37:26.680  INFO 540204 --- [restartedMain] com.example.DemoApplication              : The following profiles are active: test
2016-12-23 00:37:26.685  INFO 540204 --- [restartedMain] ationConfigEmbeddedWebApplicationContext : Refreshing org.springframework.boot.context.embedded.AnnotationConfigEmbeddedWebApplicationContext@7ee671c7: startup date [Fri Dec 23 00:37:26 CST 2016]; root of context hierarchy
2016-12-23 00:37:28.424  INFO 540204 --- [restartedMain] trationDelegate$BeanPostProcessorChecker : Bean 'org.springframework.boot.autoconfigure.validation.ValidationAutoConfiguration' of type [class org.springframework.boot.autoconfigure.validation.ValidationAutoConfiguration] is not eligible for getting processed by all BeanPostProcessors (for example: not eligible for auto-proxying)
2016-12-23 00:37:28.441  INFO 540204 --- [restartedMain] trationDelegate$BeanPostProcessorChecker : Bean 'validator' of type [class org.springframework.validation.beanvalidation.LocalValidatorFactoryBean] is not eligible for getting processed by all BeanPostProcessors (for example: not eligible for auto-proxying)
2016-12-23 00:37:28.676  INFO 540204 --- [restartedMain] s.b.c.e.t.TomcatEmbeddedServletContainer : Tomcat initialized with port(s): 8080 (http)
2016-12-23 00:37:28.678  INFO 540204 --- [restartedMain] o.apache.catalina.core.StandardService   : Starting service Tomcat
2016-12-23 00:37:28.679  INFO 540204 --- [restartedMain] org.apache.catalina.core.StandardEngine  : Starting Servlet Engine: Apache Tomcat/8.5.6
2016-12-23 00:37:28.772  INFO 540204 --- [localhost-startStop-1] o.a.c.c.C.[Tomcat].[localhost].[/]       : Initializing Spring embedded WebApplicationContext
2016-12-23 00:37:28.774  INFO 540204 --- [localhost-startStop-1] o.s.web.context.ContextLoader            : Root WebApplicationContext: initialization completed in 2089 ms
2016-12-23 00:37:28.899  INFO 540204 --- [localhost-startStop-1] o.s.b.w.servlet.ServletRegistrationBean  : Mapping servlet: 'dispatcherServlet' to [/]
2016-12-23 00:37:28.901  INFO 540204 --- [localhost-startStop-1] o.s.b.w.servlet.FilterRegistrationBean   : Mapping filter: 'characterEncodingFilter' to: [/*]
2016-12-23 00:37:28.901  INFO 540204 --- [localhost-startStop-1] o.s.b.w.servlet.FilterRegistrationBean   : Mapping filter: 'hiddenHttpMethodFilter' to: [/*]
2016-12-23 00:37:28.901  INFO 540204 --- [localhost-startStop-1] o.s.b.w.servlet.FilterRegistrationBean   : Mapping filter: 'httpPutFormContentFilter' to: [/*]
2016-12-23 00:37:28.902  INFO 540204 --- [localhost-startStop-1] o.s.b.w.servlet.FilterRegistrationBean   : Mapping filter: 'requestContextFilter' to: [/*]
2016-12-23 00:37:29.114  INFO 540204 --- [restartedMain] s.w.s.m.m.a.RequestMappingHandlerAdapter : Looking for @ControllerAdvice: org.springframework.boot.context.embedded.AnnotationConfigEmbeddedWebApplicationContext@7ee671c7: startup date [Fri Dec 23 00:37:26 CST 2016]; root of context hierarchy
2016-12-23 00:37:29.133  INFO 540204 --- [restartedMain] s.w.s.m.m.a.RequestMappingHandlerMapping : Mapped "{[/test]}" onto java.lang.String com.example.rest.ExampleRest.home()
2016-12-23 00:37:29.137  INFO 540204 --- [restartedMain] s.w.s.m.m.a.RequestMappingHandlerMapping : Mapped "{[/demo]}" onto public java.lang.String com.example.template.Example.demo(java.util.Map<java.lang.String, java.lang.Object>)
2016-12-23 00:37:29.138  INFO 540204 --- [restartedMain] s.w.s.m.m.a.RequestMappingHandlerMapping : Mapped "{[/helloHtml]}" onto public java.lang.String com.example.template.Example.helloHtml(java.util.Map<java.lang.String, java.lang.Object>)
2016-12-23 00:37:29.141  INFO 540204 --- [restartedMain] s.w.s.m.m.a.RequestMappingHandlerMapping : Mapped "{[/error]}" onto public org.springframework.http.ResponseEntity<java.util.Map<java.lang.String, java.lang.Object>> org.springframework.boot.autoconfigure.web.BasicErrorController.error(javax.servlet.http.HttpServletRequest)
2016-12-23 00:37:29.142  INFO 540204 --- [restartedMain] s.w.s.m.m.a.RequestMappingHandlerMapping : Mapped "{[/error],produces=[text/html]}" onto public org.springframework.web.servlet.ModelAndView org.springframework.boot.autoconfigure.web.BasicErrorController.errorHtml(javax.servlet.http.HttpServletRequest,javax.servlet.http.HttpServletResponse)
2016-12-23 00:37:29.161  INFO 540204 --- [restartedMain] o.s.w.s.handler.SimpleUrlHandlerMapping  : Mapped URL path [/webjars/**] onto handler of type [class org.springframework.web.servlet.resource.ResourceHttpRequestHandler]
2016-12-23 00:37:29.161  INFO 540204 --- [restartedMain] o.s.w.s.handler.SimpleUrlHandlerMapping  : Mapped URL path [/**] onto handler of type [class org.springframework.web.servlet.resource.ResourceHttpRequestHandler]
2016-12-23 00:37:29.189  INFO 540204 --- [restartedMain] o.s.w.s.handler.SimpleUrlHandlerMapping  : Mapped URL path [/**/favicon.ico] onto handler of type [class org.springframework.web.servlet.resource.ResourceHttpRequestHandler]
2016-12-23 00:37:29.335  INFO 540204 --- [restartedMain] o.s.b.d.a.OptionalLiveReloadServer       : LiveReload server is running on port 35729
2016-12-23 00:37:29.600  INFO 540204 --- [restartedMain] o.s.j.e.a.AnnotationMBeanExporter        : Registering beans for JMX exposure on startup
2016-12-23 00:37:29.639  INFO 540204 --- [restartedMain] s.b.c.e.t.TomcatEmbeddedServletContainer : Tomcat started on port(s): 8080 (http)
2016-12-23 00:37:29.642  INFO 540204 --- [restartedMain] com.example.DemoApplication              : Started DemoApplication in 3.134 seconds (JVM running for 223.353)
2016-12-23 00:42:04.596  INFO 540204 --- [Thread-16] ationConfigEmbeddedWebApplicationContext : Closing org.springframework.boot.context.embedded.AnnotationConfigEmbeddedWebApplicationContext@7ee671c7: startup date [Fri Dec 23 00:37:26 CST 2016]; root of context hierarchy
2016-12-23 00:42:04.603  INFO 540204 --- [Thread-16] o.s.j.e.a.AnnotationMBeanExporter        : Unregistering JMX-exposed beans on shutdown
2016-12-23 00:42:05.465  INFO 540204 --- [restartedMain] com.example.DemoApplication              : Starting DemoApplication on PC201403220248 with PID 540204 (D:\workspace\spring\demo\target\classes started by Administrator in D:\workspace\spring\demo)
2016-12-23 00:42:05.469  INFO 540204 --- [restartedMain] com.example.DemoApplication              : The following profiles are active: test
2016-12-23 00:42:05.487  INFO 540204 --- [restartedMain] ationConfigEmbeddedWebApplicationContext : Refreshing org.springframework.boot.context.embedded.AnnotationConfigEmbeddedWebApplicationContext@6303e28d: startup date [Fri Dec 23 00:42:05 CST 2016]; root of context hierarchy
2016-12-23 00:42:07.250  INFO 540204 --- [restartedMain] trationDelegate$BeanPostProcessorChecker : Bean 'org.springframework.boot.autoconfigure.validation.ValidationAutoConfiguration' of type [class org.springframework.boot.autoconfigure.validation.ValidationAutoConfiguration] is not eligible for getting processed by all BeanPostProcessors (for example: not eligible for auto-proxying)
2016-12-23 00:42:07.267  INFO 540204 --- [restartedMain] trationDelegate$BeanPostProcessorChecker : Bean 'validator' of type [class org.springframework.validation.beanvalidation.LocalValidatorFactoryBean] is not eligible for getting processed by all BeanPostProcessors (for example: not eligible for auto-proxying)
2016-12-23 00:42:07.445  INFO 540204 --- [restartedMain] s.b.c.e.t.TomcatEmbeddedServletContainer : Tomcat initialized with port(s): 8080 (http)
2016-12-23 00:42:07.446  INFO 540204 --- [restartedMain] o.apache.catalina.core.StandardService   : Starting service Tomcat
2016-12-23 00:42:07.447  INFO 540204 --- [restartedMain] org.apache.catalina.core.StandardEngine  : Starting Servlet Engine: Apache Tomcat/8.5.6
2016-12-23 00:42:07.533  INFO 540204 --- [localhost-startStop-1] o.a.c.c.C.[Tomcat].[localhost].[/]       : Initializing Spring embedded WebApplicationContext
2016-12-23 00:42:07.534  INFO 540204 --- [localhost-startStop-1] o.s.web.context.ContextLoader            : Root WebApplicationContext: initialization completed in 2048 ms
2016-12-23 00:42:07.588  INFO 540204 --- [localhost-startStop-1] o.s.b.w.servlet.ServletRegistrationBean  : Mapping servlet: 'dispatcherServlet' to [/]
2016-12-23 00:42:07.588  INFO 540204 --- [localhost-startStop-1] o.s.b.w.servlet.FilterRegistrationBean   : Mapping filter: 'characterEncodingFilter' to: [/*]
2016-12-23 00:42:07.589  INFO 540204 --- [localhost-startStop-1] o.s.b.w.servlet.FilterRegistrationBean   : Mapping filter: 'hiddenHttpMethodFilter' to: [/*]
2016-12-23 00:42:07.589  INFO 540204 --- [localhost-startStop-1] o.s.b.w.servlet.FilterRegistrationBean   : Mapping filter: 'httpPutFormContentFilter' to: [/*]
2016-12-23 00:42:07.589  INFO 540204 --- [localhost-startStop-1] o.s.b.w.servlet.FilterRegistrationBean   : Mapping filter: 'requestContextFilter' to: [/*]
2016-12-23 00:42:07.807  INFO 540204 --- [restartedMain] s.w.s.m.m.a.RequestMappingHandlerAdapter : Looking for @ControllerAdvice: org.springframework.boot.context.embedded.AnnotationConfigEmbeddedWebApplicationContext@6303e28d: startup date [Fri Dec 23 00:42:05 CST 2016]; root of context hierarchy
2016-12-23 00:42:07.821  INFO 540204 --- [restartedMain] s.w.s.m.m.a.RequestMappingHandlerMapping : Mapped "{[/test]}" onto java.lang.String com.example.rest.ExampleRest.home()
2016-12-23 00:42:07.823  INFO 540204 --- [restartedMain] s.w.s.m.m.a.RequestMappingHandlerMapping : Mapped "{[/demo]}" onto public java.lang.String com.example.template.Example.demo(java.util.Map<java.lang.String, java.lang.Object>)
2016-12-23 00:42:07.824  INFO 540204 --- [restartedMain] s.w.s.m.m.a.RequestMappingHandlerMapping : Mapped "{[/helloHtml]}" onto public java.lang.String com.example.template.Example.helloHtml(java.util.Map<java.lang.String, java.lang.Object>)
2016-12-23 00:42:07.839  INFO 540204 --- [restartedMain] s.w.s.m.m.a.RequestMappingHandlerMapping : Mapped "{[/error]}" onto public org.springframework.http.ResponseEntity<java.util.Map<java.lang.String, java.lang.Object>> org.springframework.boot.autoconfigure.web.BasicErrorController.error(javax.servlet.http.HttpServletRequest)
2016-12-23 00:42:07.840  INFO 540204 --- [restartedMain] s.w.s.m.m.a.RequestMappingHandlerMapping : Mapped "{[/error],produces=[text/html]}" onto public org.springframework.web.servlet.ModelAndView org.springframework.boot.autoconfigure.web.BasicErrorController.errorHtml(javax.servlet.http.HttpServletRequest,javax.servlet.http.HttpServletResponse)
2016-12-23 00:42:07.853  INFO 540204 --- [restartedMain] o.s.w.s.handler.SimpleUrlHandlerMapping  : Mapped URL path [/webjars/**] onto handler of type [class org.springframework.web.servlet.resource.ResourceHttpRequestHandler]
2016-12-23 00:42:07.854  INFO 540204 --- [restartedMain] o.s.w.s.handler.SimpleUrlHandlerMapping  : Mapped URL path [/**] onto handler of type [class org.springframework.web.servlet.resource.ResourceHttpRequestHandler]
2016-12-23 00:42:07.888  INFO 540204 --- [restartedMain] o.s.w.s.handler.SimpleUrlHandlerMapping  : Mapped URL path [/**/favicon.ico] onto handler of type [class org.springframework.web.servlet.resource.ResourceHttpRequestHandler]
2016-12-23 00:42:07.989  INFO 540204 --- [restartedMain] o.s.b.d.a.OptionalLiveReloadServer       : LiveReload server is running on port 35729
2016-12-23 00:42:08.103  INFO 540204 --- [restartedMain] o.s.j.e.a.AnnotationMBeanExporter        : Registering beans for JMX exposure on startup
2016-12-23 00:42:08.139  INFO 540204 --- [restartedMain] s.b.c.e.t.TomcatEmbeddedServletContainer : Tomcat started on port(s): 8080 (http)
2016-12-23 00:42:08.143  INFO 540204 --- [restartedMain] com.example.DemoApplication              : Started DemoApplication in 2.868 seconds (JVM running for 501.848)
2016-12-23 00:42:18.669  INFO 540204 --- [Thread-21] ationConfigEmbeddedWebApplicationContext : Closing org.springframework.boot.context.embedded.AnnotationConfigEmbeddedWebApplicationContext@6303e28d: startup date [Fri Dec 23 00:42:05 CST 2016]; root of context hierarchy
2016-12-23 00:42:18.671  INFO 540204 --- [Thread-21] o.s.j.e.a.AnnotationMBeanExporter        : Unregistering JMX-exposed beans on shutdown
2016-12-23 00:42:19.326  INFO 540204 --- [restartedMain] com.example.DemoApplication              : Starting DemoApplication on PC201403220248 with PID 540204 (D:\workspace\spring\demo\target\classes started by Administrator in D:\workspace\spring\demo)
2016-12-23 00:42:19.328  INFO 540204 --- [restartedMain] com.example.DemoApplication              : The following profiles are active: test
2016-12-23 00:42:19.334  INFO 540204 --- [restartedMain] ationConfigEmbeddedWebApplicationContext : Refreshing org.springframework.boot.context.embedded.AnnotationConfigEmbeddedWebApplicationContext@11e7bfa4: startup date [Fri Dec 23 00:42:19 CST 2016]; root of context hierarchy
2016-12-23 00:42:21.127  INFO 540204 --- [restartedMain] trationDelegate$BeanPostProcessorChecker : Bean 'org.springframework.boot.autoconfigure.validation.ValidationAutoConfiguration' of type [class org.springframework.boot.autoconfigure.validation.ValidationAutoConfiguration] is not eligible for getting processed by all BeanPostProcessors (for example: not eligible for auto-proxying)
2016-12-23 00:42:21.135  INFO 540204 --- [restartedMain] trationDelegate$BeanPostProcessorChecker : Bean 'validator' of type [class org.springframework.validation.beanvalidation.LocalValidatorFactoryBean] is not eligible for getting processed by all BeanPostProcessors (for example: not eligible for auto-proxying)
2016-12-23 00:42:21.258  INFO 540204 --- [restartedMain] s.b.c.e.t.TomcatEmbeddedServletContainer : Tomcat initialized with port(s): 8080 (http)
2016-12-23 00:42:21.259  INFO 540204 --- [restartedMain] o.apache.catalina.core.StandardService   : Starting service Tomcat
2016-12-23 00:42:21.259  INFO 540204 --- [restartedMain] org.apache.catalina.core.StandardEngine  : Starting Servlet Engine: Apache Tomcat/8.5.6
2016-12-23 00:42:21.553  INFO 540204 --- [localhost-startStop-1] o.a.c.c.C.[Tomcat].[localhost].[/]       : Initializing Spring embedded WebApplicationContext
2016-12-23 00:42:21.554  INFO 540204 --- [localhost-startStop-1] o.s.web.context.ContextLoader            : Root WebApplicationContext: initialization completed in 2220 ms
2016-12-23 00:42:21.620  INFO 540204 --- [localhost-startStop-1] o.s.b.w.servlet.ServletRegistrationBean  : Mapping servlet: 'dispatcherServlet' to [/]
2016-12-23 00:42:21.623  INFO 540204 --- [localhost-startStop-1] o.s.b.w.servlet.FilterRegistrationBean   : Mapping filter: 'characterEncodingFilter' to: [/*]
2016-12-23 00:42:21.624  INFO 540204 --- [localhost-startStop-1] o.s.b.w.servlet.FilterRegistrationBean   : Mapping filter: 'hiddenHttpMethodFilter' to: [/*]
2016-12-23 00:42:21.624  INFO 540204 --- [localhost-startStop-1] o.s.b.w.servlet.FilterRegistrationBean   : Mapping filter: 'httpPutFormContentFilter' to: [/*]
2016-12-23 00:42:21.624  INFO 540204 --- [localhost-startStop-1] o.s.b.w.servlet.FilterRegistrationBean   : Mapping filter: 'requestContextFilter' to: [/*]
2016-12-23 00:42:21.817  INFO 540204 --- [restartedMain] s.w.s.m.m.a.RequestMappingHandlerAdapter : Looking for @ControllerAdvice: org.springframework.boot.context.embedded.AnnotationConfigEmbeddedWebApplicationContext@11e7bfa4: startup date [Fri Dec 23 00:42:19 CST 2016]; root of context hierarchy
2016-12-23 00:42:21.824  INFO 540204 --- [restartedMain] s.w.s.m.m.a.RequestMappingHandlerMapping : Mapped "{[/test]}" onto java.lang.String com.example.rest.ExampleRest.home()
2016-12-23 00:42:21.830  INFO 540204 --- [restartedMain] s.w.s.m.m.a.RequestMappingHandlerMapping : Mapped "{[/demo]}" onto public java.lang.String com.example.template.Example.demo(java.util.Map<java.lang.String, java.lang.Object>)
2016-12-23 00:42:21.830  INFO 540204 --- [restartedMain] s.w.s.m.m.a.RequestMappingHandlerMapping : Mapped "{[/helloHtml]}" onto public java.lang.String com.example.template.Example.helloHtml(java.util.Map<java.lang.String, java.lang.Object>)
2016-12-23 00:42:21.832  INFO 540204 --- [restartedMain] s.w.s.m.m.a.RequestMappingHandlerMapping : Mapped "{[/error]}" onto public org.springframework.http.ResponseEntity<java.util.Map<java.lang.String, java.lang.Object>> org.springframework.boot.autoconfigure.web.BasicErrorController.error(javax.servlet.http.HttpServletRequest)
2016-12-23 00:42:21.833  INFO 540204 --- [restartedMain] s.w.s.m.m.a.RequestMappingHandlerMapping : Mapped "{[/error],produces=[text/html]}" onto public org.springframework.web.servlet.ModelAndView org.springframework.boot.autoconfigure.web.BasicErrorController.errorHtml(javax.servlet.http.HttpServletRequest,javax.servlet.http.HttpServletResponse)
2016-12-23 00:42:21.842  INFO 540204 --- [restartedMain] o.s.w.s.handler.SimpleUrlHandlerMapping  : Mapped URL path [/webjars/**] onto handler of type [class org.springframework.web.servlet.resource.ResourceHttpRequestHandler]
2016-12-23 00:42:21.842  INFO 540204 --- [restartedMain] o.s.w.s.handler.SimpleUrlHandlerMapping  : Mapped URL path [/**] onto handler of type [class org.springframework.web.servlet.resource.ResourceHttpRequestHandler]
2016-12-23 00:42:21.857  INFO 540204 --- [restartedMain] o.s.w.s.handler.SimpleUrlHandlerMapping  : Mapped URL path [/**/favicon.ico] onto handler of type [class org.springframework.web.servlet.resource.ResourceHttpRequestHandler]
2016-12-23 00:42:21.933  INFO 540204 --- [restartedMain] o.s.b.d.a.OptionalLiveReloadServer       : LiveReload server is running on port 35729
2016-12-23 00:42:22.016  INFO 540204 --- [restartedMain] o.s.j.e.a.AnnotationMBeanExporter        : Registering beans for JMX exposure on startup
2016-12-23 00:42:22.054  INFO 540204 --- [restartedMain] s.b.c.e.t.TomcatEmbeddedServletContainer : Tomcat started on port(s): 8080 (http)
2016-12-23 00:42:22.060  INFO 540204 --- [restartedMain] com.example.DemoApplication              : Started DemoApplication in 2.919 seconds (JVM running for 515.766)
2016-12-23 00:42:29.582  INFO 540204 --- [http-nio-8080-exec-1] o.a.c.c.C.[Tomcat].[localhost].[/]       : Initializing Spring FrameworkServlet 'dispatcherServlet'
2016-12-23 00:42:29.582  INFO 540204 --- [http-nio-8080-exec-1] o.s.web.servlet.DispatcherServlet        : FrameworkServlet 'dispatcherServlet': initialization started
2016-12-23 00:42:29.672  INFO 540204 --- [http-nio-8080-exec-1] o.s.web.servlet.DispatcherServlet        : FrameworkServlet 'dispatcherServlet': initialization completed in 90 ms
2016-12-23 00:43:19.068  INFO 540204 --- [Thread-26] ationConfigEmbeddedWebApplicationContext : Closing org.springframework.boot.context.embedded.AnnotationConfigEmbeddedWebApplicationContext@11e7bfa4: startup date [Fri Dec 23 00:42:19 CST 2016]; root of context hierarchy
2016-12-23 00:43:19.071  INFO 540204 --- [Thread-26] o.s.j.e.a.AnnotationMBeanExporter        : Unregistering JMX-exposed beans on shutdown
2016-12-23 00:43:20.491  INFO 540204 --- [restartedMain] com.example.DemoApplication              : Starting DemoApplication on PC201403220248 with PID 540204 (D:\workspace\spring\demo\target\classes started by Administrator in D:\workspace\spring\demo)
2016-12-23 00:43:20.492  INFO 540204 --- [restartedMain] com.example.DemoApplication              : The following profiles are active: test
2016-12-23 00:43:20.508  INFO 540204 --- [restartedMain] ationConfigEmbeddedWebApplicationContext : Refreshing org.springframework.boot.context.embedded.AnnotationConfigEmbeddedWebApplicationContext@22a0bb6: startup date [Fri Dec 23 00:43:20 CST 2016]; root of context hierarchy
2016-12-23 00:43:21.692  INFO 540204 --- [restartedMain] trationDelegate$BeanPostProcessorChecker : Bean 'org.springframework.boot.autoconfigure.validation.ValidationAutoConfiguration' of type [class org.springframework.boot.autoconfigure.validation.ValidationAutoConfiguration] is not eligible for getting processed by all BeanPostProcessors (for example: not eligible for auto-proxying)
2016-12-23 00:43:21.699  INFO 540204 --- [restartedMain] trationDelegate$BeanPostProcessorChecker : Bean 'validator' of type [class org.springframework.validation.beanvalidation.LocalValidatorFactoryBean] is not eligible for getting processed by all BeanPostProcessors (for example: not eligible for auto-proxying)
2016-12-23 00:43:21.795  INFO 540204 --- [restartedMain] s.b.c.e.t.TomcatEmbeddedServletContainer : Tomcat initialized with port(s): 8080 (http)
2016-12-23 00:43:21.796  INFO 540204 --- [restartedMain] o.apache.catalina.core.StandardService   : Starting service Tomcat
2016-12-23 00:43:21.797  INFO 540204 --- [restartedMain] org.apache.catalina.core.StandardEngine  : Starting Servlet Engine: Apache Tomcat/8.5.6
2016-12-23 00:43:21.834  INFO 540204 --- [localhost-startStop-1] o.a.c.c.C.[Tomcat].[localhost].[/]       : Initializing Spring embedded WebApplicationContext
2016-12-23 00:43:21.835  INFO 540204 --- [localhost-startStop-1] o.s.web.context.ContextLoader            : Root WebApplicationContext: initialization completed in 1327 ms
2016-12-23 00:43:21.873  INFO 540204 --- [localhost-startStop-1] o.s.b.w.servlet.ServletRegistrationBean  : Mapping servlet: 'dispatcherServlet' to [/]
2016-12-23 00:43:21.874  INFO 540204 --- [localhost-startStop-1] o.s.b.w.servlet.FilterRegistrationBean   : Mapping filter: 'characterEncodingFilter' to: [/*]
2016-12-23 00:43:21.874  INFO 540204 --- [localhost-startStop-1] o.s.b.w.servlet.FilterRegistrationBean   : Mapping filter: 'hiddenHttpMethodFilter' to: [/*]
2016-12-23 00:43:21.874  INFO 540204 --- [localhost-startStop-1] o.s.b.w.servlet.FilterRegistrationBean   : Mapping filter: 'httpPutFormContentFilter' to: [/*]
2016-12-23 00:43:21.875  INFO 540204 --- [localhost-startStop-1] o.s.b.w.servlet.FilterRegistrationBean   : Mapping filter: 'requestContextFilter' to: [/*]
2016-12-23 00:43:22.004  INFO 540204 --- [restartedMain] s.w.s.m.m.a.RequestMappingHandlerAdapter : Looking for @ControllerAdvice: org.springframework.boot.context.embedded.AnnotationConfigEmbeddedWebApplicationContext@22a0bb6: startup date [Fri Dec 23 00:43:20 CST 2016]; root of context hierarchy
2016-12-23 00:43:22.024  INFO 540204 --- [restartedMain] s.w.s.m.m.a.RequestMappingHandlerMapping : Mapped "{[/test]}" onto java.lang.String com.example.rest.ExampleRest.home()
2016-12-23 00:43:22.026  INFO 540204 --- [restartedMain] s.w.s.m.m.a.RequestMappingHandlerMapping : Mapped "{[/demo]}" onto public java.lang.String com.example.template.Example.demo(java.util.Map<java.lang.String, java.lang.Object>)
2016-12-23 00:43:22.027  INFO 540204 --- [restartedMain] s.w.s.m.m.a.RequestMappingHandlerMapping : Mapped "{[/helloHtml]}" onto public java.lang.String com.example.template.Example.helloHtml(java.util.Map<java.lang.String, java.lang.Object>)
2016-12-23 00:43:22.029  INFO 540204 --- [restartedMain] s.w.s.m.m.a.RequestMappingHandlerMapping : Mapped "{[/error]}" onto public org.springframework.http.ResponseEntity<java.util.Map<java.lang.String, java.lang.Object>> org.springframework.boot.autoconfigure.web.BasicErrorController.error(javax.servlet.http.HttpServletRequest)
2016-12-23 00:43:22.038  INFO 540204 --- [restartedMain] s.w.s.m.m.a.RequestMappingHandlerMapping : Mapped "{[/error],produces=[text/html]}" onto public org.springframework.web.servlet.ModelAndView org.springframework.boot.autoconfigure.web.BasicErrorController.errorHtml(javax.servlet.http.HttpServletRequest,javax.servlet.http.HttpServletResponse)
2016-12-23 00:43:22.047  INFO 540204 --- [restartedMain] o.s.w.s.handler.SimpleUrlHandlerMapping  : Mapped URL path [/webjars/**] onto handler of type [class org.springframework.web.servlet.resource.ResourceHttpRequestHandler]
2016-12-23 00:43:22.047  INFO 540204 --- [restartedMain] o.s.w.s.handler.SimpleUrlHandlerMapping  : Mapped URL path [/**] onto handler of type [class org.springframework.web.servlet.resource.ResourceHttpRequestHandler]
2016-12-23 00:43:22.062  INFO 540204 --- [restartedMain] o.s.w.s.handler.SimpleUrlHandlerMapping  : Mapped URL path [/**/favicon.ico] onto handler of type [class org.springframework.web.servlet.resource.ResourceHttpRequestHandler]
2016-12-23 00:43:22.119  INFO 540204 --- [restartedMain] o.s.b.d.a.OptionalLiveReloadServer       : LiveReload server is running on port 35729
2016-12-23 00:43:22.157  INFO 540204 --- [restartedMain] o.s.j.e.a.AnnotationMBeanExporter        : Registering beans for JMX exposure on startup
2016-12-23 00:43:22.166  INFO 540204 --- [restartedMain] s.b.c.e.t.TomcatEmbeddedServletContainer : Tomcat started on port(s): 8080 (http)
2016-12-23 00:43:22.168  INFO 540204 --- [restartedMain] com.example.DemoApplication              : Started DemoApplication in 1.775 seconds (JVM running for 575.872)
2016-12-23 00:43:37.623  INFO 540204 --- [Thread-31] ationConfigEmbeddedWebApplicationContext : Closing org.springframework.boot.context.embedded.AnnotationConfigEmbeddedWebApplicationContext@22a0bb6: startup date [Fri Dec 23 00:43:20 CST 2016]; root of context hierarchy
2016-12-23 00:43:37.633  INFO 540204 --- [Thread-31] o.s.j.e.a.AnnotationMBeanExporter        : Unregistering JMX-exposed beans on shutdown
2016-12-23 00:43:38.203  INFO 540204 --- [restartedMain] com.example.DemoApplication              : Starting DemoApplication on PC201403220248 with PID 540204 (D:\workspace\spring\demo\target\classes started by Administrator in D:\workspace\spring\demo)
2016-12-23 00:43:38.204  INFO 540204 --- [restartedMain] com.example.DemoApplication              : The following profiles are active: test
2016-12-23 00:43:38.206  INFO 540204 --- [restartedMain] ationConfigEmbeddedWebApplicationContext : Refreshing org.springframework.boot.context.embedded.AnnotationConfigEmbeddedWebApplicationContext@573b4a63: startup date [Fri Dec 23 00:43:38 CST 2016]; root of context hierarchy
2016-12-23 00:43:39.426  INFO 540204 --- [restartedMain] trationDelegate$BeanPostProcessorChecker : Bean 'org.springframework.boot.autoconfigure.validation.ValidationAutoConfiguration' of type [class org.springframework.boot.autoconfigure.validation.ValidationAutoConfiguration] is not eligible for getting processed by all BeanPostProcessors (for example: not eligible for auto-proxying)
2016-12-23 00:43:39.435  INFO 540204 --- [restartedMain] trationDelegate$BeanPostProcessorChecker : Bean 'validator' of type [class org.springframework.validation.beanvalidation.LocalValidatorFactoryBean] is not eligible for getting processed by all BeanPostProcessors (for example: not eligible for auto-proxying)
2016-12-23 00:43:39.560  INFO 540204 --- [restartedMain] s.b.c.e.t.TomcatEmbeddedServletContainer : Tomcat initialized with port(s): 8080 (http)
2016-12-23 00:43:39.561  INFO 540204 --- [restartedMain] o.apache.catalina.core.StandardService   : Starting service Tomcat
2016-12-23 00:43:39.562  INFO 540204 --- [restartedMain] org.apache.catalina.core.StandardEngine  : Starting Servlet Engine: Apache Tomcat/8.5.6
2016-12-23 00:43:39.580  INFO 540204 --- [localhost-startStop-1] o.a.c.c.C.[Tomcat].[localhost].[/]       : Initializing Spring embedded WebApplicationContext
2016-12-23 00:43:39.581  INFO 540204 --- [localhost-startStop-1] o.s.web.context.ContextLoader            : Root WebApplicationContext: initialization completed in 1375 ms
2016-12-23 00:43:39.635  INFO 540204 --- [localhost-startStop-1] o.s.b.w.servlet.ServletRegistrationBean  : Mapping servlet: 'dispatcherServlet' to [/]
2016-12-23 00:43:39.636  INFO 540204 --- [localhost-startStop-1] o.s.b.w.servlet.FilterRegistrationBean   : Mapping filter: 'characterEncodingFilter' to: [/*]
2016-12-23 00:43:39.636  INFO 540204 --- [localhost-startStop-1] o.s.b.w.servlet.FilterRegistrationBean   : Mapping filter: 'hiddenHttpMethodFilter' to: [/*]
2016-12-23 00:43:39.636  INFO 540204 --- [localhost-startStop-1] o.s.b.w.servlet.FilterRegistrationBean   : Mapping filter: 'httpPutFormContentFilter' to: [/*]
2016-12-23 00:43:39.637  INFO 540204 --- [localhost-startStop-1] o.s.b.w.servlet.FilterRegistrationBean   : Mapping filter: 'requestContextFilter' to: [/*]
2016-12-23 00:43:39.777  INFO 540204 --- [restartedMain] s.w.s.m.m.a.RequestMappingHandlerAdapter : Looking for @ControllerAdvice: org.springframework.boot.context.embedded.AnnotationConfigEmbeddedWebApplicationContext@573b4a63: startup date [Fri Dec 23 00:43:38 CST 2016]; root of context hierarchy
2016-12-23 00:43:39.787  INFO 540204 --- [restartedMain] s.w.s.m.m.a.RequestMappingHandlerMapping : Mapped "{[/test]}" onto java.lang.String com.example.rest.ExampleRest.home()
2016-12-23 00:43:39.788  INFO 540204 --- [restartedMain] s.w.s.m.m.a.RequestMappingHandlerMapping : Mapped "{[/demo]}" onto public java.lang.String com.example.template.Example.demo(java.util.Map<java.lang.String, java.lang.Object>)
2016-12-23 00:43:39.788  INFO 540204 --- [restartedMain] s.w.s.m.m.a.RequestMappingHandlerMapping : Mapped "{[/helloHtml]}" onto public java.lang.String com.example.template.Example.helloHtml(java.util.Map<java.lang.String, java.lang.Object>)
2016-12-23 00:43:39.791  INFO 540204 --- [restartedMain] s.w.s.m.m.a.RequestMappingHandlerMapping : Mapped "{[/error]}" onto public org.springframework.http.ResponseEntity<java.util.Map<java.lang.String, java.lang.Object>> org.springframework.boot.autoconfigure.web.BasicErrorController.error(javax.servlet.http.HttpServletRequest)
2016-12-23 00:43:39.791  INFO 540204 --- [restartedMain] s.w.s.m.m.a.RequestMappingHandlerMapping : Mapped "{[/error],produces=[text/html]}" onto public org.springframework.web.servlet.ModelAndView org.springframework.boot.autoconfigure.web.BasicErrorController.errorHtml(javax.servlet.http.HttpServletRequest,javax.servlet.http.HttpServletResponse)
2016-12-23 00:43:39.800  INFO 540204 --- [restartedMain] o.s.w.s.handler.SimpleUrlHandlerMapping  : Mapped URL path [/webjars/**] onto handler of type [class org.springframework.web.servlet.resource.ResourceHttpRequestHandler]
2016-12-23 00:43:39.801  INFO 540204 --- [restartedMain] o.s.w.s.handler.SimpleUrlHandlerMapping  : Mapped URL path [/**] onto handler of type [class org.springframework.web.servlet.resource.ResourceHttpRequestHandler]
2016-12-23 00:43:39.821  INFO 540204 --- [restartedMain] o.s.w.s.handler.SimpleUrlHandlerMapping  : Mapped URL path [/**/favicon.ico] onto handler of type [class org.springframework.web.servlet.resource.ResourceHttpRequestHandler]
2016-12-23 00:43:39.892  INFO 540204 --- [restartedMain] o.s.b.d.a.OptionalLiveReloadServer       : LiveReload server is running on port 35729
2016-12-23 00:43:39.972  INFO 540204 --- [restartedMain] o.s.j.e.a.AnnotationMBeanExporter        : Registering beans for JMX exposure on startup
2016-12-23 00:43:39.992  INFO 540204 --- [restartedMain] s.b.c.e.t.TomcatEmbeddedServletContainer : Tomcat started on port(s): 8080 (http)
2016-12-23 00:43:39.995  INFO 540204 --- [restartedMain] com.example.DemoApplication              : Started DemoApplication in 1.888 seconds (JVM running for 593.699)
2016-12-23 00:43:43.832  INFO 540204 --- [http-nio-8080-exec-1] o.a.c.c.C.[Tomcat].[localhost].[/]       : Initializing Spring FrameworkServlet 'dispatcherServlet'
2016-12-23 00:43:43.833  INFO 540204 --- [http-nio-8080-exec-1] o.s.web.servlet.DispatcherServlet        : FrameworkServlet 'dispatcherServlet': initialization started
2016-12-23 00:43:43.835  INFO 540204 --- [http-nio-8080-exec-1] o.s.web.servlet.DispatcherServlet        : FrameworkServlet 'dispatcherServlet': initialization completed in 2 ms
2016-12-23 00:43:43.838  INFO 540204 --- [http-nio-8080-exec-1] com.example.template.Example             : 12121212
2016-12-23 00:44:21.494  INFO 540204 --- [RMI TCP Connection(2)-192.168.10.1] inMXBeanRegistrar$SpringApplicationAdmin : Application shutdown requested.
2016-12-23 00:44:21.495  INFO 540204 --- [RMI TCP Connection(2)-192.168.10.1] ationConfigEmbeddedWebApplicationContext : Closing org.springframework.boot.context.embedded.AnnotationConfigEmbeddedWebApplicationContext@573b4a63: startup date [Fri Dec 23 00:43:38 CST 2016]; root of context hierarchy
2016-12-23 00:44:21.499  INFO 540204 --- [RMI TCP Connection(2)-192.168.10.1] o.s.j.e.a.AnnotationMBeanExporter        : Unregistering JMX-exposed beans on shutdown
